<?xml version="1.0" encoding="UTF-8"?>
<!-- Generated by org.testng.reporters.JUnitXMLReporter -->
<testsuite hostname="Dibendu-PC" ignored="0" name="Surefire test" tests="5" failures="0" timestamp="25 May 2019 11:08:00 GMT" time="0.155" errors="0">
  <testcase name="android" time="0.027" classname="MavenProject.FirstMavenProject.AppiumTest"/>
  <testcase name="ios" time="0.002" classname="MavenProject.FirstMavenProject.AppiumTest"/>
  <testcase name="apiPost" time="0.002" classname="MavenProject.FirstMavenProject.RestApiTest"/>
  <testcase name="browserAutomation" time="0.001" classname="MavenProject.FirstMavenProject.SeleniumTest"/>
  <testcase name="webElements" time="0.002" classname="MavenProject.FirstMavenProject.SeleniumTest"/>
</testsuite> <!-- Surefire test -->
