-------------------------------------------------------------------------------
Test set: TestSuite
-------------------------------------------------------------------------------
Tests run: 5, Failures: 1, Errors: 0, Skipped: 0, Time elapsed: 2.277 s <<< FAILURE! - in TestSuite
apiPost(MavenProject.FirstMavenProject.RestApiTest)  Time elapsed: 0.036 s  <<< FAILURE!
java.lang.AssertionError: expected [true] but found [false]
	at MavenProject.FirstMavenProject.RestApiTest.apiPost(RestApiTest.java:12)

